<?xml version="1.0" encoding="UTF-8"?>
<!-- Generated by org.testng.reporters.JUnitReportReporter -->
<testsuite skipped="0" hostname="DESKTOP-BVR4LJG" name="callerModule.CreateNewCaller" tests="2" failures="0" timestamp="2023-02-01T15:24:04 IST" time="192.317" errors="0">
  <testcase name="runCreateNewCaller" time="101.288" classname="callerModule.CreateNewCaller"/>
  <system-out/>
  <testcase name="runCreateNewCaller" time="91.029" classname="callerModule.CreateNewCaller"/>
  <system-out/>
</testsuite> <!-- callerModule.CreateNewCaller -->
