<?xml version="1.0" encoding="UTF-8"?>
<!-- Generated by org.testng.reporters.JUnitReportReporter -->
<testsuite hostname="DESKTOP-BVR4LJG" failures="0" tests="1" name="callerModule.DeletingExistingCaller" time="0.000" errors="0" timestamp="2023-02-01T13:19:59 IST" skipped="1">
  <testcase classname="callerModule.DeletingExistingCaller" name="runDeleteExistingCaller" time="0.000">
    <skipped/>
  </testcase> <!-- runDeleteExistingCaller -->
  <system-out/>
</testsuite> <!-- callerModule.DeletingExistingCaller -->
